<?xml version="1.0" encoding="UTF-8"?>
<!-- Generated by org.testng.reporters.JUnitXMLReporter -->
<testsuite hostname="LAPTOP-P70F1SD3" ignored="0" name="Test" tests="4" failures="0" timestamp="2020-08-07T15:01:13 IST" time="42.925" errors="0">
  <testcase name="validatingnavigationbar" time="1.23" classname="Academy.E2E.validateNavigationbar"/>
  <testcase name="basepagenavigation" time="12.658" classname="Academy.E2E.HomePage"/>
  <testcase name="basepagenavigation" time="4.835" classname="Academy.E2E.HomePage"/>
  <testcase name="validatinghomepagetitle" time="0.205" classname="Academy.E2E.validateTitle"/>
</testsuite> <!-- Test -->
