<?xml version="1.0" encoding="UTF-8"?>
<!-- Generated by org.testng.reporters.JUnitXMLReporter -->
<testsuite hostname="LAPTOP-P70F1SD3" ignored="0" name="Test" tests="4" failures="0" timestamp="2020-08-09T21:08:24 IST" time="96.231" errors="0">
  <testcase name="validatingnavigationbar" time="3.108" classname="Academy.E2E.validateNavigationbar"/>
  <testcase name="basepagenavigation" time="22.671" classname="Academy.E2E.HomePage"/>
  <testcase name="basepagenavigation" time="10.158" classname="Academy.E2E.HomePage"/>
  <testcase name="validatinghomepagetitle" time="0.049" classname="Academy.E2E.validateTitle"/>
</testsuite> <!-- Test -->
