<?xml version="1.0" encoding="UTF-8"?>
<testng-results skipped="0" failed="0" ignored="0" total="1" passed="1">
  <reporter-output>
  </reporter-output>
  <suite name="Default suite" duration-ms="21554" started-at="2020-08-14T14:25:27 IST" finished-at="2020-08-14T14:25:49 IST">
    <groups>
    </groups>
    <test name="Default test" duration-ms="21554" started-at="2020-08-14T14:25:27 IST" finished-at="2020-08-14T14:25:49 IST">
      <class name="Academy.E2E.CoursesPage">
        <test-method status="PASS" signature="initialize()[pri:0, instance:Academy.E2E.CoursesPage@2781e022]" name="initialize" is-config="true" duration-ms="17657" started-at="2020-08-14T14:25:27 IST" finished-at="2020-08-14T14:25:45 IST">
          <reporter-output>
          </reporter-output>
        </test-method> <!-- initialize -->
        <test-method status="PASS" signature="validatingcourses()[pri:0, instance:Academy.E2E.CoursesPage@2781e022]" name="validatingcourses" duration-ms="3069" started-at="2020-08-14T14:25:45 IST" finished-at="2020-08-14T14:25:48 IST">
          <reporter-output>
          </reporter-output>
        </test-method> <!-- validatingcourses -->
        <test-method status="PASS" signature="teardown()[pri:0, instance:Academy.E2E.CoursesPage@2781e022]" name="teardown" is-config="true" duration-ms="733" started-at="2020-08-14T14:25:48 IST" finished-at="2020-08-14T14:25:49 IST">
          <reporter-output>
          </reporter-output>
        </test-method> <!-- teardown -->
      </class> <!-- Academy.E2E.CoursesPage -->
    </test> <!-- Default test -->
  </suite> <!-- Default suite -->
</testng-results>
