<?xml version="1.0" encoding="UTF-8"?>
<!-- Generated by org.testng.reporters.JUnitReportReporter -->
<testsuite skipped="0" hostname="LAPTOP-P70F1SD3" name="Academy.E2E.HomePage" tests="2" failures="0" timestamp="2020-08-13T16:19:04 IST" time="20.110" errors="0">
  <testcase name="basepagenavigation" time="7.262" classname="Academy.E2E.HomePage"/>
  <system-out/>
  <testcase name="basepagenavigation" time="12.848" classname="Academy.E2E.HomePage"/>
  <system-out/>
</testsuite> <!-- Academy.E2E.HomePage -->
