<?xml version="1.0" encoding="UTF-8"?>
<!-- Generated by org.testng.reporters.JUnitReportReporter -->
<testsuite skipped="0" hostname="LAPTOP-P70F1SD3" name="Academy.E2E.HomePage" tests="2" failures="0" timestamp="2020-08-09T21:08:25 IST" time="32.829" errors="0">
  <testcase name="basepagenavigation" time="22.671" classname="Academy.E2E.HomePage"/>
  <system-out/>
  <testcase name="basepagenavigation" time="10.158" classname="Academy.E2E.HomePage"/>
  <system-out/>
</testsuite> <!-- Academy.E2E.HomePage -->
